<?xml version="1.0" encoding="UTF-8"?>
<testsuite xmlns:xsi="http://www.w3.org/2001/XMLSchema-instance" xsi:noNamespaceSchemaLocation="https://maven.apache.org/surefire/maven-surefire-plugin/xsd/surefire-test-report.xsd" name="wi.kafka.sink.AppTest" time="0.187" tests="1" errors="0" skipped="0" failures="0">
  <properties>
    <property name="java.specification.version" value="21"/>
    <property name="sun.cpu.isalist" value="amd64"/>
    <property name="sun.jnu.encoding" value="Cp1252"/>
    <property name="java.class.path" value="C:\Users\phama\IdeaProjects\KafkaSinkConnectorPlugin\target\test-classes;C:\Users\phama\IdeaProjects\KafkaSinkConnectorPlugin\target\classes;C:\Users\phama\.m2\repository\junit\junit\4.11\junit-4.11.jar;C:\Users\phama\.m2\repository\org\hamcrest\hamcrest-core\1.3\hamcrest-core-1.3.jar;C:\Users\phama\.m2\repository\org\apache\kafka\connect-api\3.6.0\connect-api-3.6.0.jar;C:\Users\phama\.m2\repository\org\apache\kafka\kafka-clients\3.6.0\kafka-clients-3.6.0.jar;C:\Users\phama\.m2\repository\com\github\luben\zstd-jni\1.5.5-1\zstd-jni-1.5.5-1.jar;C:\Users\phama\.m2\repository\org\lz4\lz4-java\1.8.0\lz4-java-1.8.0.jar;C:\Users\phama\.m2\repository\org\xerial\snappy\snappy-java\1.1.10.4\snappy-java-1.1.10.4.jar;C:\Users\phama\.m2\repository\org\slf4j\slf4j-api\1.7.36\slf4j-api-1.7.36.jar;C:\Users\phama\.m2\repository\javax\ws\rs\javax.ws.rs-api\2.1.1\javax.ws.rs-api-2.1.1.jar;C:\Users\phama\.m2\repository\org\apache\kafka\connect-runtime\3.6.0\connect-runtime-3.6.0.jar;C:\Users\phama\.m2\repository\org\apache\kafka\connect-json\3.6.0\connect-json-3.6.0.jar;C:\Users\phama\.m2\repository\com\fasterxml\jackson\datatype\jackson-datatype-jdk8\2.13.5\jackson-datatype-jdk8-2.13.5.jar;C:\Users\phama\.m2\repository\org\apache\kafka\connect-transforms\3.6.0\connect-transforms-3.6.0.jar;C:\Users\phama\.m2\repository\ch\qos\reload4j\reload4j\1.2.25\reload4j-1.2.25.jar;C:\Users\phama\.m2\repository\org\bitbucket\b_c\jose4j\0.9.3\jose4j-0.9.3.jar;C:\Users\phama\.m2\repository\com\fasterxml\jackson\core\jackson-annotations\2.13.5\jackson-annotations-2.13.5.jar;C:\Users\phama\.m2\repository\com\fasterxml\jackson\jaxrs\jackson-jaxrs-json-provider\2.13.5\jackson-jaxrs-json-provider-2.13.5.jar;C:\Users\phama\.m2\repository\com\fasterxml\jackson\jaxrs\jackson-jaxrs-base\2.13.5\jackson-jaxrs-base-2.13.5.jar;C:\Users\phama\.m2\repository\com\fasterxml\jackson\module\jackson-module-jaxb-annotations\2.13.5\jackson-module-jaxb-annotations-2.13.5.jar;C:\Users\phama\.m2\repository\jakarta\xml\bind\jakarta.xml.bind-api\2.3.3\jakarta.xml.bind-api-2.3.3.jar;C:\Users\phama\.m2\repository\jakarta\activation\jakarta.activation-api\1.2.1\jakarta.activation-api-1.2.1.jar;C:\Users\phama\.m2\repository\org\glassfish\jersey\containers\jersey-container-servlet\2.39.1\jersey-container-servlet-2.39.1.jar;C:\Users\phama\.m2\repository\org\glassfish\jersey\containers\jersey-container-servlet-core\2.39.1\jersey-container-servlet-core-2.39.1.jar;C:\Users\phama\.m2\repository\org\glassfish\hk2\external\jakarta.inject\2.6.1\jakarta.inject-2.6.1.jar;C:\Users\phama\.m2\repository\org\glassfish\jersey\core\jersey-common\2.39.1\jersey-common-2.39.1.jar;C:\Users\phama\.m2\repository\jakarta\annotation\jakarta.annotation-api\1.3.5\jakarta.annotation-api-1.3.5.jar;C:\Users\phama\.m2\repository\org\glassfish\hk2\osgi-resource-locator\1.0.3\osgi-resource-locator-1.0.3.jar;C:\Users\phama\.m2\repository\org\glassfish\jersey\core\jersey-server\2.39.1\jersey-server-2.39.1.jar;C:\Users\phama\.m2\repository\org\glassfish\jersey\core\jersey-client\2.39.1\jersey-client-2.39.1.jar;C:\Users\phama\.m2\repository\jakarta\validation\jakarta.validation-api\2.0.2\jakarta.validation-api-2.0.2.jar;C:\Users\phama\.m2\repository\jakarta\ws\rs\jakarta.ws.rs-api\2.1.6\jakarta.ws.rs-api-2.1.6.jar;C:\Users\phama\.m2\repository\org\glassfish\jersey\inject\jersey-hk2\2.39.1\jersey-hk2-2.39.1.jar;C:\Users\phama\.m2\repository\org\glassfish\hk2\hk2-locator\2.6.1\hk2-locator-2.6.1.jar;C:\Users\phama\.m2\repository\org\glassfish\hk2\external\aopalliance-repackaged\2.6.1\aopalliance-repackaged-2.6.1.jar;C:\Users\phama\.m2\repository\org\glassfish\hk2\hk2-api\2.6.1\hk2-api-2.6.1.jar;C:\Users\phama\.m2\repository\org\glassfish\hk2\hk2-utils\2.6.1\hk2-utils-2.6.1.jar;C:\Users\phama\.m2\repository\org\javassist\javassist\3.29.0-GA\javassist-3.29.0-GA.jar;C:\Users\phama\.m2\repository\javax\xml\bind\jaxb-api\2.3.1\jaxb-api-2.3.1.jar;C:\Users\phama\.m2\repository\javax\activation\javax.activation-api\1.2.0\javax.activation-api-1.2.0.jar;C:\Users\phama\.m2\repository\javax\activation\activation\1.1.1\activation-1.1.1.jar;C:\Users\phama\.m2\repository\org\eclipse\jetty\jetty-server\9.4.52.v20230823\jetty-server-9.4.52.v20230823.jar;C:\Users\phama\.m2\repository\javax\servlet\javax.servlet-api\3.1.0\javax.servlet-api-3.1.0.jar;C:\Users\phama\.m2\repository\org\eclipse\jetty\jetty-http\9.4.52.v20230823\jetty-http-9.4.52.v20230823.jar;C:\Users\phama\.m2\repository\org\eclipse\jetty\jetty-io\9.4.52.v20230823\jetty-io-9.4.52.v20230823.jar;C:\Users\phama\.m2\repository\org\eclipse\jetty\jetty-servlet\9.4.52.v20230823\jetty-servlet-9.4.52.v20230823.jar;C:\Users\phama\.m2\repository\org\eclipse\jetty\jetty-security\9.4.52.v20230823\jetty-security-9.4.52.v20230823.jar;C:\Users\phama\.m2\repository\org\eclipse\jetty\jetty-util-ajax\9.4.52.v20230823\jetty-util-ajax-9.4.52.v20230823.jar;C:\Users\phama\.m2\repository\org\eclipse\jetty\jetty-servlets\9.4.52.v20230823\jetty-servlets-9.4.52.v20230823.jar;C:\Users\phama\.m2\repository\org\eclipse\jetty\jetty-continuation\9.4.52.v20230823\jetty-continuation-9.4.52.v20230823.jar;C:\Users\phama\.m2\repository\org\eclipse\jetty\jetty-util\9.4.52.v20230823\jetty-util-9.4.52.v20230823.jar;C:\Users\phama\.m2\repository\org\eclipse\jetty\jetty-client\9.4.52.v20230823\jetty-client-9.4.52.v20230823.jar;C:\Users\phama\.m2\repository\org\reflections\reflections\0.10.2\reflections-0.10.2.jar;C:\Users\phama\.m2\repository\com\google\code\findbugs\jsr305\3.0.2\jsr305-3.0.2.jar;C:\Users\phama\.m2\repository\org\apache\maven\maven-artifact\3.8.8\maven-artifact-3.8.8.jar;C:\Users\phama\.m2\repository\org\codehaus\plexus\plexus-utils\3.3.1\plexus-utils-3.3.1.jar;C:\Users\phama\.m2\repository\org\apache\commons\commons-lang3\3.8.1\commons-lang3-3.8.1.jar;C:\Users\phama\.m2\repository\io\swagger\core\v3\swagger-annotations\2.2.8\swagger-annotations-2.2.8.jar;C:\Users\phama\.m2\repository\org\apache\commons\commons-collections4\4.2\commons-collections4-4.2.jar;C:\Users\phama\.m2\repository\com\fasterxml\jackson\core\jackson-databind\2.13.0\jackson-databind-2.13.0.jar;C:\Users\phama\.m2\repository\com\fasterxml\jackson\core\jackson-core\2.13.0\jackson-core-2.13.0.jar;C:\Users\phama\.m2\repository\org\apache\avro\avro\1.10.2\avro-1.10.2.jar;C:\Users\phama\.m2\repository\org\apache\commons\commons-compress\1.20\commons-compress-1.20.jar;"/>
    <property name="java.vm.vendor" value="Oracle Corporation"/>
    <property name="sun.arch.data.model" value="64"/>
    <property name="user.variant" value=""/>
    <property name="java.vendor.url" value="https://java.oracle.com/"/>
    <property name="user.timezone" value="Asia/Saigon"/>
    <property name="os.name" value="Windows 10"/>
    <property name="java.vm.specification.version" value="21"/>
    <property name="sun.java.launcher" value="SUN_STANDARD"/>
    <property name="user.country" value="US"/>
    <property name="sun.boot.library.path" value="C:\Users\phama\.libs\jdk-21.0.1\bin"/>
    <property name="sun.java.command" value="C:\Users\phama\AppData\Local\Temp\surefire10615538788375044301\surefirebooter6485100431557971321.jar C:\Users\phama\AppData\Local\Temp\surefire10615538788375044301 2023-11-21T16-17-26_933-jvmRun1 surefire4701456349994173438tmp surefire_015339043428259891710tmp"/>
    <property name="jdk.debug" value="release"/>
    <property name="surefire.test.class.path" value="C:\Users\phama\IdeaProjects\KafkaSinkConnectorPlugin\target\test-classes;C:\Users\phama\IdeaProjects\KafkaSinkConnectorPlugin\target\classes;C:\Users\phama\.m2\repository\junit\junit\4.11\junit-4.11.jar;C:\Users\phama\.m2\repository\org\hamcrest\hamcrest-core\1.3\hamcrest-core-1.3.jar;C:\Users\phama\.m2\repository\org\apache\kafka\connect-api\3.6.0\connect-api-3.6.0.jar;C:\Users\phama\.m2\repository\org\apache\kafka\kafka-clients\3.6.0\kafka-clients-3.6.0.jar;C:\Users\phama\.m2\repository\com\github\luben\zstd-jni\1.5.5-1\zstd-jni-1.5.5-1.jar;C:\Users\phama\.m2\repository\org\lz4\lz4-java\1.8.0\lz4-java-1.8.0.jar;C:\Users\phama\.m2\repository\org\xerial\snappy\snappy-java\1.1.10.4\snappy-java-1.1.10.4.jar;C:\Users\phama\.m2\repository\org\slf4j\slf4j-api\1.7.36\slf4j-api-1.7.36.jar;C:\Users\phama\.m2\repository\javax\ws\rs\javax.ws.rs-api\2.1.1\javax.ws.rs-api-2.1.1.jar;C:\Users\phama\.m2\repository\org\apache\kafka\connect-runtime\3.6.0\connect-runtime-3.6.0.jar;C:\Users\phama\.m2\repository\org\apache\kafka\connect-json\3.6.0\connect-json-3.6.0.jar;C:\Users\phama\.m2\repository\com\fasterxml\jackson\datatype\jackson-datatype-jdk8\2.13.5\jackson-datatype-jdk8-2.13.5.jar;C:\Users\phama\.m2\repository\org\apache\kafka\connect-transforms\3.6.0\connect-transforms-3.6.0.jar;C:\Users\phama\.m2\repository\ch\qos\reload4j\reload4j\1.2.25\reload4j-1.2.25.jar;C:\Users\phama\.m2\repository\org\bitbucket\b_c\jose4j\0.9.3\jose4j-0.9.3.jar;C:\Users\phama\.m2\repository\com\fasterxml\jackson\core\jackson-annotations\2.13.5\jackson-annotations-2.13.5.jar;C:\Users\phama\.m2\repository\com\fasterxml\jackson\jaxrs\jackson-jaxrs-json-provider\2.13.5\jackson-jaxrs-json-provider-2.13.5.jar;C:\Users\phama\.m2\repository\com\fasterxml\jackson\jaxrs\jackson-jaxrs-base\2.13.5\jackson-jaxrs-base-2.13.5.jar;C:\Users\phama\.m2\repository\com\fasterxml\jackson\module\jackson-module-jaxb-annotations\2.13.5\jackson-module-jaxb-annotations-2.13.5.jar;C:\Users\phama\.m2\repository\jakarta\xml\bind\jakarta.xml.bind-api\2.3.3\jakarta.xml.bind-api-2.3.3.jar;C:\Users\phama\.m2\repository\jakarta\activation\jakarta.activation-api\1.2.1\jakarta.activation-api-1.2.1.jar;C:\Users\phama\.m2\repository\org\glassfish\jersey\containers\jersey-container-servlet\2.39.1\jersey-container-servlet-2.39.1.jar;C:\Users\phama\.m2\repository\org\glassfish\jersey\containers\jersey-container-servlet-core\2.39.1\jersey-container-servlet-core-2.39.1.jar;C:\Users\phama\.m2\repository\org\glassfish\hk2\external\jakarta.inject\2.6.1\jakarta.inject-2.6.1.jar;C:\Users\phama\.m2\repository\org\glassfish\jersey\core\jersey-common\2.39.1\jersey-common-2.39.1.jar;C:\Users\phama\.m2\repository\jakarta\annotation\jakarta.annotation-api\1.3.5\jakarta.annotation-api-1.3.5.jar;C:\Users\phama\.m2\repository\org\glassfish\hk2\osgi-resource-locator\1.0.3\osgi-resource-locator-1.0.3.jar;C:\Users\phama\.m2\repository\org\glassfish\jersey\core\jersey-server\2.39.1\jersey-server-2.39.1.jar;C:\Users\phama\.m2\repository\org\glassfish\jersey\core\jersey-client\2.39.1\jersey-client-2.39.1.jar;C:\Users\phama\.m2\repository\jakarta\validation\jakarta.validation-api\2.0.2\jakarta.validation-api-2.0.2.jar;C:\Users\phama\.m2\repository\jakarta\ws\rs\jakarta.ws.rs-api\2.1.6\jakarta.ws.rs-api-2.1.6.jar;C:\Users\phama\.m2\repository\org\glassfish\jersey\inject\jersey-hk2\2.39.1\jersey-hk2-2.39.1.jar;C:\Users\phama\.m2\repository\org\glassfish\hk2\hk2-locator\2.6.1\hk2-locator-2.6.1.jar;C:\Users\phama\.m2\repository\org\glassfish\hk2\external\aopalliance-repackaged\2.6.1\aopalliance-repackaged-2.6.1.jar;C:\Users\phama\.m2\repository\org\glassfish\hk2\hk2-api\2.6.1\hk2-api-2.6.1.jar;C:\Users\phama\.m2\repository\org\glassfish\hk2\hk2-utils\2.6.1\hk2-utils-2.6.1.jar;C:\Users\phama\.m2\repository\org\javassist\javassist\3.29.0-GA\javassist-3.29.0-GA.jar;C:\Users\phama\.m2\repository\javax\xml\bind\jaxb-api\2.3.1\jaxb-api-2.3.1.jar;C:\Users\phama\.m2\repository\javax\activation\javax.activation-api\1.2.0\javax.activation-api-1.2.0.jar;C:\Users\phama\.m2\repository\javax\activation\activation\1.1.1\activation-1.1.1.jar;C:\Users\phama\.m2\repository\org\eclipse\jetty\jetty-server\9.4.52.v20230823\jetty-server-9.4.52.v20230823.jar;C:\Users\phama\.m2\repository\javax\servlet\javax.servlet-api\3.1.0\javax.servlet-api-3.1.0.jar;C:\Users\phama\.m2\repository\org\eclipse\jetty\jetty-http\9.4.52.v20230823\jetty-http-9.4.52.v20230823.jar;C:\Users\phama\.m2\repository\org\eclipse\jetty\jetty-io\9.4.52.v20230823\jetty-io-9.4.52.v20230823.jar;C:\Users\phama\.m2\repository\org\eclipse\jetty\jetty-servlet\9.4.52.v20230823\jetty-servlet-9.4.52.v20230823.jar;C:\Users\phama\.m2\repository\org\eclipse\jetty\jetty-security\9.4.52.v20230823\jetty-security-9.4.52.v20230823.jar;C:\Users\phama\.m2\repository\org\eclipse\jetty\jetty-util-ajax\9.4.52.v20230823\jetty-util-ajax-9.4.52.v20230823.jar;C:\Users\phama\.m2\repository\org\eclipse\jetty\jetty-servlets\9.4.52.v20230823\jetty-servlets-9.4.52.v20230823.jar;C:\Users\phama\.m2\repository\org\eclipse\jetty\jetty-continuation\9.4.52.v20230823\jetty-continuation-9.4.52.v20230823.jar;C:\Users\phama\.m2\repository\org\eclipse\jetty\jetty-util\9.4.52.v20230823\jetty-util-9.4.52.v20230823.jar;C:\Users\phama\.m2\repository\org\eclipse\jetty\jetty-client\9.4.52.v20230823\jetty-client-9.4.52.v20230823.jar;C:\Users\phama\.m2\repository\org\reflections\reflections\0.10.2\reflections-0.10.2.jar;C:\Users\phama\.m2\repository\com\google\code\findbugs\jsr305\3.0.2\jsr305-3.0.2.jar;C:\Users\phama\.m2\repository\org\apache\maven\maven-artifact\3.8.8\maven-artifact-3.8.8.jar;C:\Users\phama\.m2\repository\org\codehaus\plexus\plexus-utils\3.3.1\plexus-utils-3.3.1.jar;C:\Users\phama\.m2\repository\org\apache\commons\commons-lang3\3.8.1\commons-lang3-3.8.1.jar;C:\Users\phama\.m2\repository\io\swagger\core\v3\swagger-annotations\2.2.8\swagger-annotations-2.2.8.jar;C:\Users\phama\.m2\repository\org\apache\commons\commons-collections4\4.2\commons-collections4-4.2.jar;C:\Users\phama\.m2\repository\com\fasterxml\jackson\core\jackson-databind\2.13.0\jackson-databind-2.13.0.jar;C:\Users\phama\.m2\repository\com\fasterxml\jackson\core\jackson-core\2.13.0\jackson-core-2.13.0.jar;C:\Users\phama\.m2\repository\org\apache\avro\avro\1.10.2\avro-1.10.2.jar;C:\Users\phama\.m2\repository\org\apache\commons\commons-compress\1.20\commons-compress-1.20.jar;"/>
    <property name="sun.cpu.endian" value="little"/>
    <property name="user.home" value="C:\Users\phama"/>
    <property name="user.language" value="en"/>
    <property name="java.specification.vendor" value="Oracle Corporation"/>
    <property name="java.version.date" value="2023-10-17"/>
    <property name="java.home" value="C:\Users\phama\.libs\jdk-21.0.1"/>
    <property name="file.separator" value="\"/>
    <property name="basedir" value="C:\Users\phama\IdeaProjects\KafkaSinkConnectorPlugin"/>
    <property name="java.vm.compressedOopsMode" value="32-bit"/>
    <property name="line.separator" value="&#10;"/>
    <property name="java.vm.specification.vendor" value="Oracle Corporation"/>
    <property name="java.specification.name" value="Java Platform API Specification"/>
    <property name="surefire.real.class.path" value="C:\Users\phama\AppData\Local\Temp\surefire10615538788375044301\surefirebooter6485100431557971321.jar"/>
    <property name="user.script" value=""/>
    <property name="sun.management.compiler" value="HotSpot 64-Bit Tiered Compilers"/>
    <property name="java.runtime.version" value="21.0.1+12-29"/>
    <property name="user.name" value="phama"/>
    <property name="stdout.encoding" value="Cp1252"/>
    <property name="path.separator" value=";"/>
    <property name="os.version" value="10.0"/>
    <property name="java.runtime.name" value="OpenJDK Runtime Environment"/>
    <property name="file.encoding" value="UTF-8"/>
    <property name="java.vm.name" value="OpenJDK 64-Bit Server VM"/>
    <property name="localRepository" value="C:\Users\phama\.m2\repository"/>
    <property name="java.vendor.url.bug" value="https://bugreport.java.com/bugreport/"/>
    <property name="java.io.tmpdir" value="C:\Users\phama\AppData\Local\Temp\"/>
    <property name="java.version" value="21.0.1"/>
    <property name="user.dir" value="C:\Users\phama\IdeaProjects\KafkaSinkConnectorPlugin"/>
    <property name="os.arch" value="amd64"/>
    <property name="java.vm.specification.name" value="Java Virtual Machine Specification"/>
    <property name="sun.os.patch.level" value=""/>
    <property name="native.encoding" value="Cp1252"/>
    <property name="java.library.path" value="C:\Users\phama\.libs\jdk-21.0.1\bin;C:\WINDOWS\Sun\Java\bin;C:\WINDOWS\system32;C:\WINDOWS;C:\WINDOWS\system32;C:\WINDOWS;C:\WINDOWS\System32\Wbem;C:\WINDOWS\System32\WindowsPowerShell\v1.0\;C:\WINDOWS\System32\OpenSSH\;C:\Program Files\WireGuard\;C:\Program Files (x86)\Bitvise SSH Client;C:\Program Files\Git\cmd;C:\Users\phama\AppData\Local\Microsoft\WindowsApps;C:\Users\phama\.libs\jdk-21.0.1\bin;C:\Users\phama\.libs\apache-maven-3.9.5\bin;;C:\Users\phama\AppData\Local\Programs\Microsoft VS Code\bin;."/>
    <property name="java.vm.info" value="mixed mode, sharing"/>
    <property name="stderr.encoding" value="Cp1252"/>
    <property name="java.vendor" value="Oracle Corporation"/>
    <property name="java.vm.version" value="21.0.1+12-29"/>
    <property name="sun.io.unicode.encoding" value="UnicodeLittle"/>
    <property name="java.class.version" value="65.0"/>
  </properties>
  <testcase name="shouldAnswerWithTrue" classname="wi.kafka.sink.AppTest" time="0.013"/>
</testsuite>